0 info it worked if it ends with ok
1 verbose cli [ 'D:\\nghiatc\\mytools\\nodejs\\node.exe',
1 verbose cli   'D:\\nghiatc\\mytools\\nodejs\\node_modules\\npm\\bin\\npm-cli.js',
1 verbose cli   'start' ]
2 info using npm@3.10.8
3 info using node@v6.9.1
4 verbose run-script [ 'prestart', 'start', 'poststart' ]
5 info lifecycle robofriends@0.1.0~prestart: robofriends@0.1.0
6 silly lifecycle robofriends@0.1.0~prestart: no script for prestart, continuing
7 info lifecycle robofriends@0.1.0~start: robofriends@0.1.0
8 verbose lifecycle robofriends@0.1.0~start: unsafe-perm in lifecycle true
9 verbose lifecycle robofriends@0.1.0~start: PATH: D:\nghiatc\mytools\nodejs\node_modules\npm\bin\node-gyp-bin;D:\nghiatc\mytools\apache24_vc11_php5\htdocs\web2018\section18\robofriends\node_modules\.bin;D:\nghiatc\mytools\python\;D:\nghiatc\mytools\python\Scripts;C:\ProgramData\Oracle\Java\javapath;C:\Program Files\Intel\iCLS Client\;C:\WINDOWS\system32;C:\WINDOWS;C:\WINDOWS\System32\Wbem;C:\WINDOWS\System32\WindowsPowerShell\v1.0\;C:\Program Files\Intel\Intel(R) Management Engine Components\DAL;C:\Program Files\Intel\Intel(R) Management Engine Components\IPT;C:\cywin;D:\nghiatc\beanstalk;C:\Program Files\MySQL\MySQL Server 5.7\bin\;D:\nghiatc\mytools\clang\LLVM\bin;C:\Program Files\dotnet\;C:\Program Files\Java\jdk1.8.0_111\bin;D:\nghiatc\mytools\apache24_vc11_php5;D:\nghiatc\mytools\apache24_vc11_php5\bin;D:\nghiatc\mytools\apache24_vc11_php5\php5;C:\Program Files\Skype\Phone\;D:\nghiatc\mytools\TortoiseSVN\bin;C:\Program Files\MySQL\bin;D:\nghiatc\mytools\Git\bin;D:\nghiatc\mytools\nodejs\;C:\Program Files\Microsoft VS Code\bin;C:\Users\NghiaTa\AppData\Local\ComposerSetup\bin;C:\Users\NghiaTa\AppData\Roaming\Composer\vendor\bin;D:\nghiatc\mytools\Git\cmd;C:\Users\NghiaTa\AppData\Roaming\npm
10 verbose lifecycle robofriends@0.1.0~start: CWD: D:\nghiatc\mytools\apache24_vc11_php5\htdocs\web2018\section18\robofriends
11 silly lifecycle robofriends@0.1.0~start: Args: [ '/d /s /c', 'react-scripts start' ]
12 verbose stack Error: kill ENOSYS
12 verbose stack     at exports._errnoException (util.js:1026:11)
12 verbose stack     at process.kill (internal/process.js:172:13)
12 verbose stack     at process.listener (D:\nghiatc\mytools\nodejs\node_modules\npm\node_modules\npmlog\node_modules\gauge\node_modules\signal-exit\index.js:86:15)
12 verbose stack     at emitNone (events.js:91:20)
12 verbose stack     at process.emit (events.js:185:7)
12 verbose stack     at processEmit (D:\nghiatc\mytools\nodejs\node_modules\npm\node_modules\npmlog\node_modules\gauge\node_modules\signal-exit\index.js:146:32)
12 verbose stack     at processEmit (D:\nghiatc\mytools\nodejs\node_modules\npm\node_modules\npm-registry-client\node_modules\npmlog\node_modules\gauge\node_modules\signal-exit\index.js:146:32)
12 verbose stack     at Signal.wrap.onsignal (internal/process.js:199:44)
13 verbose cwd D:\nghiatc\mytools\apache24_vc11_php5\htdocs\web2018\section18\robofriends
14 error Windows_NT 6.3.9600
15 error argv "D:\\nghiatc\\mytools\\nodejs\\node.exe" "D:\\nghiatc\\mytools\\nodejs\\node_modules\\npm\\bin\\npm-cli.js" "start"
16 error node v6.9.1
17 error npm  v3.10.8
18 error code ENOSYS
19 error errno ENOSYS
20 error syscall kill
21 error kill ENOSYS
22 error If you need help, you may report this error at:
22 error     <https://github.com/npm/npm/issues>
23 verbose exit [ 1, true ]
